[INFO] Scanning for projects...
[INFO] 
[INFO] -----------------------< com.padel:reservation >------------------------
[INFO] Building padel-reservation 0.0.1-SNAPSHOT
[INFO]   from pom.xml
[INFO] --------------------------------[ jar ]---------------------------------
[INFO] 
[INFO] --- clean:3.3.2:clean (default-clean) @ reservation ---
[INFO] Deleting C:\Users\LENOVO\Desktop\mini-projet\backend\target
[INFO] 
[INFO] --- resources:3.3.1:resources (default-resources) @ reservation ---
[INFO] Copying 1 resource from src\main\resources to target\classes
[INFO] Copying 0 resource from src\main\resources to target\classes
[INFO] 
[INFO] --- compiler:3.11.0:compile (default-compile) @ reservation ---
[INFO] Changes detected - recompiling the module! :source
[INFO] Compiling 29 source files with javac [debug release 17] to target\classes
[INFO] ------------------------------------------------------------------------
[INFO] BUILD SUCCESS
[INFO] ------------------------------------------------------------------------
[INFO] Total time:  6.128 s
[INFO] Finished at: 2026-01-14T12:43:44+01:00
[INFO] ------------------------------------------------------------------------
